<?xml version="1.0" encoding="UTF-8"?>
<testng-results ignored="0" total="1" passed="1" failed="0" skipped="0">
  <reporter-output>
  </reporter-output>
  <suite started-at="2022-08-26T15:24:32 IST" name="Default suite" finished-at="2022-08-26T15:24:32 IST" duration-ms="28">
    <groups>
    </groups>
    <test started-at="2022-08-26T15:24:32 IST" name="Default test" finished-at="2022-08-26T15:24:32 IST" duration-ms="28">
      <class name="MYTestNG.NewprojectwithtestNG.SecondTestNG">
        <test-method is-config="true" signature="BeforeSuite()[pri:0, instance:MYTestNG.NewprojectwithtestNG.SecondTestNG@6572421]" started-at="2022-08-26T15:24:32 IST" name="BeforeSuite" finished-at="2022-08-26T15:24:32 IST" duration-ms="5" status="PASS">
          <reporter-output>
          </reporter-output>
        </test-method> <!-- BeforeSuite -->
        <test-method is-config="true" signature="BeforeTest()[pri:0, instance:MYTestNG.NewprojectwithtestNG.SecondTestNG@6572421]" started-at="2022-08-26T15:24:32 IST" name="BeforeTest" finished-at="2022-08-26T15:24:32 IST" duration-ms="1" status="PASS">
          <reporter-output>
          </reporter-output>
        </test-method> <!-- BeforeTest -->
        <test-method is-config="true" signature="BeforeClass()[pri:0, instance:MYTestNG.NewprojectwithtestNG.SecondTestNG@6572421]" started-at="2022-08-26T15:24:32 IST" name="BeforeClass" finished-at="2022-08-26T15:24:32 IST" duration-ms="1" status="PASS">
          <reporter-output>
          </reporter-output>
        </test-method> <!-- BeforeClass -->
        <test-method is-config="true" signature="BeforeMethod()[pri:0, instance:MYTestNG.NewprojectwithtestNG.SecondTestNG@6572421]" started-at="2022-08-26T15:24:32 IST" name="BeforeMethod" finished-at="2022-08-26T15:24:32 IST" duration-ms="1" status="PASS">
          <reporter-output>
          </reporter-output>
        </test-method> <!-- BeforeMethod -->
        <test-method signature="Test()[pri:0, instance:MYTestNG.NewprojectwithtestNG.SecondTestNG@6572421]" started-at="2022-08-26T15:24:32 IST" name="Test" finished-at="2022-08-26T15:24:32 IST" duration-ms="5" status="PASS">
          <reporter-output>
          </reporter-output>
        </test-method> <!-- Test -->
        <test-method is-config="true" signature="AfterMethod()[pri:0, instance:MYTestNG.NewprojectwithtestNG.SecondTestNG@6572421]" started-at="2022-08-26T15:24:32 IST" name="AfterMethod" finished-at="2022-08-26T15:24:32 IST" duration-ms="0" status="PASS">
          <reporter-output>
          </reporter-output>
        </test-method> <!-- AfterMethod -->
        <test-method is-config="true" signature="AfterClss()[pri:0, instance:MYTestNG.NewprojectwithtestNG.SecondTestNG@6572421]" started-at="2022-08-26T15:24:32 IST" name="AfterClss" finished-at="2022-08-26T15:24:32 IST" duration-ms="0" status="PASS">
          <reporter-output>
          </reporter-output>
        </test-method> <!-- AfterClss -->
        <test-method is-config="true" signature="AfterTest()[pri:0, instance:MYTestNG.NewprojectwithtestNG.SecondTestNG@6572421]" started-at="2022-08-26T15:24:32 IST" name="AfterTest" finished-at="2022-08-26T15:24:32 IST" duration-ms="0" status="PASS">
          <reporter-output>
          </reporter-output>
        </test-method> <!-- AfterTest -->
        <test-method is-config="true" signature="AfterSuite()[pri:0, instance:MYTestNG.NewprojectwithtestNG.SecondTestNG@6572421]" started-at="2022-08-26T15:24:32 IST" name="AfterSuite" finished-at="2022-08-26T15:24:32 IST" duration-ms="0" status="PASS">
          <reporter-output>
          </reporter-output>
        </test-method> <!-- AfterSuite -->
      </class> <!-- MYTestNG.NewprojectwithtestNG.SecondTestNG -->
    </test> <!-- Default test -->
  </suite> <!-- Default suite -->
</testng-results>
